[16:52:11] [Client thread/INFO]: Setting user: Player684
[16:52:14] [Client thread/INFO]: LWJGL Version: 2.9.1
[16:52:16] [Client thread/INFO]: Reloading ResourceManager: Default, FMLFileResourcePack:Forge Mod Loader, FMLFileResourcePack:Minecraft Forge, FMLFileResourcePack:Example Mod, FMLFileResourcePack:Makersville Mods, FMLFileResourcePack:Multimaker
[16:52:16] [Sound Library Loader/INFO]: Starting up SoundSystem...
[16:52:17] [Thread-7/INFO]: Initializing LWJGL OpenAL
[16:52:17] [Thread-7/INFO]: (The LWJGL binding of OpenAL.  For more information, see http://www.lwjgl.org)
[16:52:17] [Thread-7/INFO]: OpenAL initialized.
[16:52:17] [Sound Library Loader/INFO]: Sound engine started
[16:52:19] [Client thread/INFO]: Created: 512x512 textures-atlas
[16:52:19] [Client thread/INFO]: Reloading ResourceManager: Default, FMLFileResourcePack:Forge Mod Loader, FMLFileResourcePack:Minecraft Forge, FMLFileResourcePack:Example Mod, FMLFileResourcePack:Makersville Mods, FMLFileResourcePack:Multimaker
[16:52:19] [Client thread/INFO]: SoundSystem shutting down...
[16:52:20] [Client thread/WARN]: Author: Paul Lamb, www.paulscode.com
[16:52:20] [Sound Library Loader/INFO]: Starting up SoundSystem...
[16:52:20] [Thread-9/INFO]: Initializing LWJGL OpenAL
[16:52:20] [Thread-9/INFO]: (The LWJGL binding of OpenAL.  For more information, see http://www.lwjgl.org)
[16:52:20] [Thread-9/INFO]: OpenAL initialized.
[16:52:20] [Sound Library Loader/INFO]: Sound engine started
[16:52:21] [Client thread/INFO]: Created: 512x512 textures-atlas
[16:52:25] [Server thread/INFO]: Starting integrated minecraft server version 1.8
[16:52:25] [Server thread/INFO]: Generating keypair
[16:52:25] [Server thread/INFO]: Preparing start region for level 0
[16:52:27] [Server thread/INFO]: Changing view distance to 12, from 10
[16:52:27] [Server thread/INFO]: Player684[local:E:67e63a3d] logged in with entity id 285 at (89.74476993064056, 68.0, 205.6440409471892)
[16:52:27] [Server thread/INFO]: Player684 joined the game
[16:52:56] [Server thread/INFO]: Saving and pausing game...
[16:52:56] [Server thread/INFO]: Saving chunks for level 'New World'/Overworld
[16:52:56] [Server thread/INFO]: Saving chunks for level 'New World'/Nether
[16:52:56] [Server thread/INFO]: Saving chunks for level 'New World'/The End
[16:52:57] [Client thread/INFO]: Stopping!
[16:52:58] [Client thread/INFO]: SoundSystem shutting down...
[16:52:58] [Server thread/INFO]: Stopping server
[16:52:58] [Server thread/INFO]: Saving players
[16:52:58] [Server thread/INFO]: Saving worlds
[16:52:58] [Server thread/INFO]: Saving chunks for level 'New World'/Overworld
[16:52:58] [Server thread/INFO]: Saving chunks for level 'New World'/Nether
[16:52:58] [Server thread/INFO]: Saving chunks for level 'New World'/The End
[16:52:58] [Client thread/WARN]: Author: Paul Lamb, www.paulscode.com
[16:52:58] [Client Shutdown Thread/INFO]: Stopping server
[16:52:58] [Client Shutdown Thread/INFO]: Saving players
[16:52:58] [Client Shutdown Thread/INFO]: Saving worlds
[16:52:58] [Client Shutdown Thread/INFO]: Saving chunks for level 'New World'/Overworld
