#
# A fatal error has been detected by the Java Runtime Environment:
#
#  EXCEPTION_ACCESS_VIOLATION (0xc0000005) at pc=0x000000001ace1066, pid=3432, tid=8612
#
# JRE version: Java(TM) SE Runtime Environment (8.0_45-b14) (build 1.8.0_45-b14)
# Java VM: Java HotSpot(TM) 64-Bit Server VM (25.45-b02 mixed mode windows-amd64 compressed oops)
# Problematic frame:
# C  [OpenAL64.dll+0x11066]
#
# Failed to write core dump. Minidumps are not enabled by default on client versions of Windows
#
# If you would like to submit a bug report, please visit:
#   http://bugreport.java.com/bugreport/crash.jsp
# The crash happened outside the Java Virtual Machine in native code.
# See problematic frame for where to report the bug.
#

---------------  T H R E A D  ---------------

Current thread (0x000000001a021000):  JavaThread "Thread-7" [_thread_in_native, id=8612, stack(0x0000000023a40000,0x0000000023b40000)]

siginfo: ExceptionCode=0xc0000005, reading address 0x0000000023066004

Registers:
RAX=0x0000000000000004, RBX=0x00000000287e0090, RCX=0x0000000023066008, RDX=0x0000000023066004
RSP=0x0000000023b3ebd0, RBP=0x00000000000000ff, RSI=0x000000002306054c, RDI=0x0000000000000000
R8 =0x00000000000016ae, R9 =0x000000002306054c, R10=0x0000000002f35e08, R11=0x000000006bab7ca0
R12=0x0000000000000001, R13=0x0000000026dfef08, R14=0x0000000023b3ed68, R15=0x000000001a021000
RIP=0x000000001ace1066, EFLAGS=0x0000000000010202

Top of Stack: (sp=0x0000000023b3ebd0)
0x0000000023b3ebd0:   0000000000000000 000000006b95b50b
0x0000000023b3ebe0:   000000001a021000 000000001a021000
0x0000000023b3ebf0:   0000000026dfef08 0000000000000000
0x0000000023b3ec00:   000000001a021000 000000002305ed90
0x0000000023b3ec10:   0000000026dfef08 0000000023b3ed68
0x0000000023b3ec20:   0000000018809c70 000000006b949816
0x0000000023b3ec30:   0000000023b3f3d8 0000000016c12ba0
0x0000000023b3ec40:   000000001a021000 0000000023b3ed68
0x0000000023b3ec50:   0000000026dfef08 0000000000000000
0x0000000023b3ec60:   000000002306054c 00000000d4cd0c38
0x0000000023b3ec70:   0000000023b3ed30 000000001ace248f
0x0000000023b3ec80:   00000000287e0090 00000000287e0090
0x0000000023b3ec90:   000000000000ac44 0000000000000004
0x0000000023b3eca0:   0000000000000010 0000000002f35e34
0x0000000023b3ecb0:   0000000026dfef08 0000000002f35b9d
0x0000000023b3ecc0:   000000001a021000 0000000026dfef08 

Instructions: (pc=0x000000001ace1066)
0x000000001ace1046:   41 2b ec 81 3a 03 00 02 00 75 09 8b 01 89 84 24
0x000000001ace1056:   c8 00 00 00 49 83 c0 02 48 83 c1 08 4a 8d 14 86
0x000000001ace1066:   39 3a 75 af 4c 8d 84 24 c0 00 00 00 48 8d 15 d7
0x000000001ace1076:   2b 03 00 33 c9 e8 58 5f 00 00 b8 40 1f 00 00 4c 


Register to memory mapping:

RAX=0x0000000000000004 is an unknown value
RBX=0x00000000287e0090 is an unknown value
RCX=0x0000000023066008 is an unknown value
RDX=0x0000000023066004 is an unknown value
RSP=0x0000000023b3ebd0 is pointing into the stack for thread: 0x000000001a021000
RBP=0x00000000000000ff is an unknown value
RSI=0x000000002306054c is an unknown value
RDI=0x0000000000000000 is an unknown value
R8 =0x00000000000016ae is an unknown value
R9 =0x000000002306054c is an unknown value
R10=0x0000000002f35e08 is at code_begin+840 in an Interpreter codelet
method entry point (kind = native)  [0x0000000002f35ac0, 0x0000000002f36420]  2400 bytes
R11=0x000000006bab7ca0 is an unknown value
R12=0x0000000000000001 is an unknown value
R13={method} {0x0000000026dfef10} 'nalcCreateContext' '(JJ)J' in 'org/lwjgl/openal/ALC10'
R14=0x0000000023b3ed68 is pointing into the stack for thread: 0x000000001a021000
R15=0x000000001a021000 is a thread


Stack: [0x0000000023a40000,0x0000000023b40000],  sp=0x0000000023b3ebd0,  free space=1018k
Native frames: (J=compiled Java code, j=interpreted, Vv=VM code, C=native code)
C  [OpenAL64.dll+0x11066]
C  [OpenAL64.dll+0x1248f]
C  0x0000000002f35e34

Java frames: (J=compiled Java code, j=interpreted, Vv=VM code)
j  org.lwjgl.openal.ALC10.nalcCreateContext(JJ)J+0
j  org.lwjgl.openal.ALC10.alcCreateContext(Lorg/lwjgl/openal/ALCdevice;Ljava/nio/IntBuffer;)Lorg/lwjgl/openal/ALCcontext;+8
j  org.lwjgl.openal.AL.init(Ljava/lang/String;IIZZ)V+69
j  org.lwjgl.openal.AL.create(Ljava/lang/String;IIZZ)V+227
j  org.lwjgl.openal.AL.create(Ljava/lang/String;IIZ)V+5
j  org.lwjgl.openal.AL.create()V+6
j  paulscode.sound.libraries.LibraryLWJGLOpenAL.init()V+2
j  paulscode.sound.SoundSystem.CommandNewLibrary(Ljava/lang/Class;)V+273
j  paulscode.sound.SoundSystem.CommandQueue(Lpaulscode/sound/CommandObject;)Z+1206
j  paulscode.sound.CommandThread.run()V+51
v  ~StubRoutines::call_stub

---------------  P R O C E S S  ---------------

Java Threads: ( => current thread )
  0x000000001a023800 JavaThread "Thread-8" [_thread_blocked, id=7740, stack(0x0000000027de0000,0x0000000027ee0000)]
=>0x000000001a021000 JavaThread "Thread-7" [_thread_in_native, id=8612, stack(0x0000000023a40000,0x0000000023b40000)]
  0x000000001a020800 JavaThread "Sound Library Loader" [_thread_blocked, id=4636, stack(0x00000000228c0000,0x00000000229c0000)]
  0x000000001a01f000 JavaThread "Keep-Alive-Timer" daemon [_thread_blocked, id=3728, stack(0x00000000213c0000,0x00000000214c0000)]
  0x000000001a01e000 JavaThread "Java2D Disposer" daemon [_thread_blocked, id=1776, stack(0x000000001aa80000,0x000000001ab80000)]
  0x000000001a01d800 JavaThread "Timer hack thread" daemon [_thread_blocked, id=5500, stack(0x0000000019740000,0x0000000019840000)]
  0x000000001b5b7800 JavaThread "Snooper Timer" daemon [_thread_blocked, id=4584, stack(0x000000001abd0000,0x000000001acd0000)]
  0x000000001ad80800 JavaThread "Snooper Timer" daemon [_thread_blocked, id=4896, stack(0x000000001bf20000,0x000000001c020000)]
  0x0000000016c5a800 JavaThread "Service Thread" daemon [_thread_blocked, id=7372, stack(0x00000000175a0000,0x00000000176a0000)]
  0x0000000016bda000 JavaThread "C1 CompilerThread2" daemon [_thread_blocked, id=812, stack(0x00000000174a0000,0x00000000175a0000)]
  0x0000000016bd8800 JavaThread "C2 CompilerThread1" daemon [_thread_in_native, id=4104, stack(0x00000000173a0000,0x00000000174a0000)]
  0x0000000016bd3800 JavaThread "C2 CompilerThread0" daemon [_thread_blocked, id=3236, stack(0x00000000172a0000,0x00000000173a0000)]
  0x0000000016bd2800 JavaThread "Attach Listener" daemon [_thread_blocked, id=2908, stack(0x00000000171a0000,0x00000000172a0000)]
  0x0000000016bca800 JavaThread "Signal Dispatcher" daemon [_thread_blocked, id=8476, stack(0x00000000170a0000,0x00000000171a0000)]
  0x000000001609e800 JavaThread "Surrogate Locker Thread (Concurrent GC)" daemon [_thread_blocked, id=7964, stack(0x0000000016fa0000,0x00000000170a0000)]
  0x0000000016090000 JavaThread "Finalizer" daemon [_thread_blocked, id=2972, stack(0x0000000016aa0000,0x0000000016ba0000)]
  0x0000000016089000 JavaThread "Reference Handler" daemon [_thread_blocked, id=5088, stack(0x00000000169a0000,0x0000000016aa0000)]
  0x0000000002e25800 JavaThread "Client thread" [_thread_in_native, id=7820, stack(0x0000000002d20000,0x0000000002e20000)]

Other Threads:
  0x0000000016081800 VMThread [stack: 0x00000000168a0000,0x00000000169a0000] [id=764]
  0x0000000016c68800 WatcherThread [stack: 0x00000000176a0000,0x00000000177a0000] [id=5268]

VM state:not at safepoint (normal execution)

VM Mutex/Monitor currently owned by a thread: None

Heap:
 par new generation   total 306688K, used 216462K [0x00000000c0000000, 0x00000000d4cc0000, 0x00000000d4cc0000)
  eden space 272640K,  66% used [0x00000000c0000000, 0x00000000cb2238f8, 0x00000000d0a40000)
  from space 34048K, 100% used [0x00000000d2b80000, 0x00000000d4cc0000, 0x00000000d4cc0000)
  to   space 34048K,   0% used [0x00000000d0a40000, 0x00000000d0a40000, 0x00000000d2b80000)
 concurrent mark-sweep generation total 707840K, used 57131K [0x00000000d4cc0000, 0x0000000100000000, 0x0000000100000000)
 Metaspace       used 28326K, capacity 28603K, committed 28800K, reserved 1075200K
  class space    used 3605K, capacity 3694K, committed 3712K, reserved 1048576K

Card table byte_map: [0x00000000126e0000,0x00000000128f0000] byte_map_base: 0x00000000120e0000

Marking Bits: (CMSBitMap*) 0x0000000002e7de78
 Bits: [0x0000000012e90000, 0x000000001395d000)

Mod Union Table: (CMSBitMap*) 0x0000000002e7df38
 Bits: [0x0000000001280000, 0x00000000012ab340)

Polling page: 0x0000000001250000

CodeCache: size=245760Kb used=11150Kb max_used=12199Kb free=234609Kb
 bounds [0x0000000002f20000, 0x0000000003b70000, 0x0000000011f20000]
 total_blobs=3694 nmethods=3082 adapters=524
 compilation: enabled

Compilation events (10 events):
Event: 8.456 Thread 0x0000000016bda000 3719       1       net.minecraft.client.audio.SoundList$SoundEntry::getSoundEntryWeight (5 bytes)
Event: 8.456 Thread 0x0000000016bda000 nmethod 3719 0x0000000003428510 code [0x0000000003428660, 0x0000000003428770]
Event: 8.494 Thread 0x0000000016bda000 3721       3       java.lang.Throwable::<init> (34 bytes)
Event: 8.494 Thread 0x0000000016bda000 nmethod 3721 0x0000000003665bd0 code [0x0000000003665d40, 0x0000000003666028]
Event: 8.494 Thread 0x0000000016bda000 3722       3       java.util.PropertyPermission::getMask (464 bytes)
Event: 8.498 Thread 0x0000000016bda000 nmethod 3722 0x0000000003135dd0 code [0x00000000031360e0, 0x0000000003137cc8]
Event: 8.498 Thread 0x0000000016bda000 3724       3       java.lang.Exception::<init> (6 bytes)
Event: 8.499 Thread 0x0000000016bda000 nmethod 3724 0x00000000031485d0 code [0x0000000003148740, 0x0000000003148a88]
Event: 8.499 Thread 0x0000000016bda000 3723       3       java.util.PropertyPermission::init (54 bytes)
Event: 8.499 Thread 0x0000000016bda000 nmethod 3723 0x0000000003146290 code [0x0000000003146440, 0x0000000003146908]

GC Heap History (8 events):
Event: 0.610 GC heap before
{Heap before GC invocations=0 (full 0):
 par new generation   total 306688K, used 49108K [0x00000000c0000000, 0x00000000d4cc0000, 0x00000000d4cc0000)
  eden space 272640K,  18% used [0x00000000c0000000, 0x00000000c2ff51b8, 0x00000000d0a40000)
  from space 34048K,   0% used [0x00000000d0a40000, 0x00000000d0a40000, 0x00000000d2b80000)
  to   space 34048K,   0% used [0x00000000d2b80000, 0x00000000d2b80000, 0x00000000d4cc0000)
 concurrent mark-sweep generation total 707840K, used 0K [0x00000000d4cc0000, 0x0000000100000000, 0x0000000100000000)
 Metaspace       used 9780K, capacity 9930K, committed 9984K, reserved 1058816K
  class space    used 1201K, capacity 1235K, committed 1280K, reserved 1048576K
Event: 0.630 GC heap after
Heap after GC invocations=1 (full 1):
 par new generation   total 306688K, used 0K [0x00000000c0000000, 0x00000000d4cc0000, 0x00000000d4cc0000)
  eden space 272640K,   0% used [0x00000000c0000000, 0x00000000c0000000, 0x00000000d0a40000)
  from space 34048K,   0% used [0x00000000d0a40000, 0x00000000d0a40000, 0x00000000d2b80000)
  to   space 34048K,   0% used [0x00000000d2b80000, 0x00000000d2b80000, 0x00000000d4cc0000)
 concurrent mark-sweep generation total 707840K, used 5366K [0x00000000d4cc0000, 0x0000000100000000, 0x0000000100000000)
 Metaspace       used 9780K, capacity 9930K, committed 9984K, reserved 1058816K
  class space    used 1201K, capacity 1235K, committed 1280K, reserved 1048576K
}
Event: 3.623 GC heap before
{Heap before GC invocations=1 (full 2):
 par new generation   total 306688K, used 272640K [0x00000000c0000000, 0x00000000d4cc0000, 0x00000000d4cc0000)
  eden space 272640K, 100% used [0x00000000c0000000, 0x00000000d0a40000, 0x00000000d0a40000)
  from space 34048K,   0% used [0x00000000d0a40000, 0x00000000d0a40000, 0x00000000d2b80000)
  to   space 34048K,   0% used [0x00000000d2b80000, 0x00000000d2b80000, 0x00000000d4cc0000)
 concurrent mark-sweep generation total 707840K, used 5366K [0x00000000d4cc0000, 0x0000000100000000, 0x0000000100000000)
 Metaspace       used 17282K, capacity 17454K, committed 17536K, reserved 1064960K
  class space    used 2113K, capacity 2143K, committed 2176K, reserved 1048576K
Event: 3.643 GC heap after
Heap after GC invocations=2 (full 2):
 par new generation   total 306688K, used 25975K [0x00000000c0000000, 0x00000000d4cc0000, 0x00000000d4cc0000)
  eden space 272640K,   0% used [0x00000000c0000000, 0x00000000c0000000, 0x00000000d0a40000)
  from space 34048K,  76% used [0x00000000d2b80000, 0x00000000d44ddce8, 0x00000000d4cc0000)
  to   space 34048K,   0% used [0x00000000d0a40000, 0x00000000d0a40000, 0x00000000d2b80000)
 concurrent mark-sweep generation total 707840K, used 5366K [0x00000000d4cc0000, 0x0000000100000000, 0x0000000100000000)
 Metaspace       used 17282K, capacity 17454K, committed 17536K, reserved 1064960K
  class space    used 2113K, capacity 2143K, committed 2176K, reserved 1048576K
}
Event: 4.787 GC heap before
{Heap before GC invocations=2 (full 2):
 par new generation   total 306688K, used 298615K [0x00000000c0000000, 0x00000000d4cc0000, 0x00000000d4cc0000)
  eden space 272640K, 100% used [0x00000000c0000000, 0x00000000d0a40000, 0x00000000d0a40000)
  from space 34048K,  76% used [0x00000000d2b80000, 0x00000000d44ddce8, 0x00000000d4cc0000)
  to   space 34048K,   0% used [0x00000000d0a40000, 0x00000000d0a40000, 0x00000000d2b80000)
 concurrent mark-sweep generation total 707840K, used 5366K [0x00000000d4cc0000, 0x0000000100000000, 0x0000000100000000)
 Metaspace       used 18352K, capacity 18478K, committed 18816K, reserved 1064960K
  class space    used 2313K, capacity 2335K, committed 2432K, reserved 1048576K
Event: 4.847 GC heap after
Heap after GC invocations=3 (full 2):
 par new generation   total 306688K, used 22819K [0x00000000c0000000, 0x00000000d4cc0000, 0x00000000d4cc0000)
  eden space 272640K,   0% used [0x00000000c0000000, 0x00000000c0000000, 0x00000000d0a40000)
  from space 34048K,  67% used [0x00000000d0a40000, 0x00000000d2088c28, 0x00000000d2b80000)
  to   space 34048K,   0% used [0x00000000d2b80000, 0x00000000d2b80000, 0x00000000d4cc0000)
 concurrent mark-sweep generation total 707840K, used 27681K [0x00000000d4cc0000, 0x0000000100000000, 0x0000000100000000)
 Metaspace       used 18352K, capacity 18478K, committed 18816K, reserved 1064960K
  class space    used 2313K, capacity 2335K, committed 2432K, reserved 1048576K
}
Event: 7.142 GC heap before
{Heap before GC invocations=3 (full 2):
 par new generation   total 306688K, used 295459K [0x00000000c0000000, 0x00000000d4cc0000, 0x00000000d4cc0000)
  eden space 272640K, 100% used [0x00000000c0000000, 0x00000000d0a40000, 0x00000000d0a40000)
  from space 34048K,  67% used [0x00000000d0a40000, 0x00000000d2088c28, 0x00000000d2b80000)
  to   space 34048K,   0% used [0x00000000d2b80000, 0x00000000d2b80000, 0x00000000d4cc0000)
 concurrent mark-sweep generation total 707840K, used 24803K [0x00000000d4cc0000, 0x0000000100000000, 0x0000000100000000)
 Metaspace       used 24521K, capacity 24727K, committed 24960K, reserved 1071104K
  class space    used 3129K, capacity 3174K, committed 3200K, reserved 1048576K
Event: 7.201 GC heap after
Heap after GC invocations=4 (full 2):
 par new generation   total 306688K, used 34048K [0x00000000c0000000, 0x00000000d4cc0000, 0x00000000d4cc0000)
  eden space 272640K,   0% used [0x00000000c0000000, 0x00000000c0000000, 0x00000000d0a40000)
  from space 34048K, 100% used [0x00000000d2b80000, 0x00000000d4cc0000, 0x00000000d4cc0000)
  to   space 34048K,   0% used [0x00000000d0a40000, 0x00000000d0a40000, 0x00000000d2b80000)
 concurrent mark-sweep generation total 707840K, used 57131K [0x00000000d4cc0000, 0x0000000100000000, 0x0000000100000000)
 Metaspace       used 24521K, capacity 24727K, committed 24960K, reserved 1071104K
  class space    used 3129K, capacity 3174K, committed 3200K, reserved 1048576K
}

Deoptimization events (10 events):
Event: 7.902 Thread 0x0000000002e25800 Uncommon trap: reason=unstable_if action=reinterpret pc=0x0000000003589fd4 method=org.objectweb.asm.MethodWriter.visitInsn(I)V @ 24
Event: 7.902 Thread 0x0000000002e25800 Uncommon trap: reason=unstable_if action=reinterpret pc=0x000000000354762c method=org.objectweb.asm.MethodWriter.visitMaxs(II)V @ 627
Event: 7.902 Thread 0x0000000002e25800 Uncommon trap: reason=unstable_if action=reinterpret pc=0x0000000003848568 method=org.objectweb.asm.MethodWriter.visitTypeInsn(ILjava/lang/String;)V @ 24
Event: 7.922 Thread 0x0000000002e25800 Uncommon trap: reason=unstable_if action=reinterpret pc=0x0000000003780394 method=com.google.common.collect.ImmutableCollection$Builder.expandedCapacity(II)I @ 24
Event: 7.935 Thread 0x000000001a020800 Uncommon trap: reason=unstable_if action=reinterpret pc=0x0000000003a4c320 method=java.net.URI.match(CJJ)Z @ 45
Event: 7.936 Thread 0x000000001a020800 Uncommon trap: reason=unstable_if action=reinterpret pc=0x00000000039fb10c method=java.lang.ThreadLocal.get()Ljava/lang/Object; @ 11
Event: 8.046 Thread 0x000000001a020800 Uncommon trap: reason=unstable_if action=reinterpret pc=0x00000000034c61fc method=sun.net.www.MessageHeader.grow()V @ 4
Event: 8.089 Thread 0x0000000002e25800 Uncommon trap: reason=unstable_if action=reinterpret pc=0x00000000035d1a04 method=org.objectweb.asm.MethodWriter.visitMethodInsn(ILjava/lang/String;Ljava/lang/String;Ljava/lang/String;Z)V @ 161
Event: 8.235 Thread 0x0000000002e25800 Uncommon trap: reason=bimorphic action=maybe_recompile pc=0x00000000033e0714 method=java.util.regex.Matcher.match(II)Z @ 86
Event: 8.235 Thread 0x0000000002e25800 Uncommon trap: reason=unstable_if action=reinterpret pc=0x0000000003481ee0 method=org.objectweb.asm.ClassWriter.toByteArray()[B @ 229

Internal exceptions (10 events):
Event: 8.496 Thread 0x000000001a021000 Exception <a 'org/lwjgl/LWJGLException'> (0x00000000cab30640) thrown at [C:\re\workspace\8-2-build-windows-amd64-cygwin\jdk8u45\3457\hotspot\src\share\vm\prims\jni.cpp, line 709]
Event: 8.496 Thread 0x000000001a021000 Exception <a 'org/lwjgl/LWJGLException'> (0x00000000cab30b98) thrown at [C:\re\workspace\8-2-build-windows-amd64-cygwin\jdk8u45\3457\hotspot\src\share\vm\prims\jni.cpp, line 709]
Event: 8.496 Thread 0x000000001a021000 Exception <a 'org/lwjgl/LWJGLException'> (0x00000000cab31110) thrown at [C:\re\workspace\8-2-build-windows-amd64-cygwin\jdk8u45\3457\hotspot\src\share\vm\prims\jni.cpp, line 709]
Event: 8.496 Thread 0x000000001a021000 Exception <a 'org/lwjgl/LWJGLException'> (0x00000000cab31660) thrown at [C:\re\workspace\8-2-build-windows-amd64-cygwin\jdk8u45\3457\hotspot\src\share\vm\prims\jni.cpp, line 709]
Event: 8.496 Thread 0x000000001a021000 Exception <a 'org/lwjgl/LWJGLException'> (0x00000000cab31c28) thrown at [C:\re\workspace\8-2-build-windows-amd64-cygwin\jdk8u45\3457\hotspot\src\share\vm\prims\jni.cpp, line 709]
Event: 8.496 Thread 0x000000001a021000 Exception <a 'org/lwjgl/LWJGLException'> (0x00000000cab320c8) thrown at [C:\re\workspace\8-2-build-windows-amd64-cygwin\jdk8u45\3457\hotspot\src\share\vm\prims\jni.cpp, line 709]
Event: 8.496 Thread 0x000000001a021000 Exception <a 'org/lwjgl/LWJGLException'> (0x00000000cab32538) thrown at [C:\re\workspace\8-2-build-windows-amd64-cygwin\jdk8u45\3457\hotspot\src\share\vm\prims\jni.cpp, line 709]
Event: 8.496 Thread 0x000000001a021000 Exception <a 'org/lwjgl/LWJGLException'> (0x00000000cab32a28) thrown at [C:\re\workspace\8-2-build-windows-amd64-cygwin\jdk8u45\3457\hotspot\src\share\vm\prims\jni.cpp, line 709]
Event: 8.496 Thread 0x000000001a021000 Exception <a 'org/lwjgl/LWJGLException'> (0x00000000cab32fb8) thrown at [C:\re\workspace\8-2-build-windows-amd64-cygwin\jdk8u45\3457\hotspot\src\share\vm\prims\jni.cpp, line 709]
Event: 8.497 Thread 0x000000001a021000 Exception <a 'org/lwjgl/LWJGLException'> (0x00000000cab33590) thrown at [C:\re\workspace\8-2-build-windows-amd64-cygwin\jdk8u45\3457\hotspot\src\share\vm\prims\jni.cpp, line 709]

Events (10 events):
Event: 8.500 loading class org/lwjgl/openal/ALC10
Event: 8.500 loading class org/lwjgl/openal/ALC10 done
Event: 8.507 loading class org/lwjgl/openal/ALCdevice
Event: 8.507 loading class org/lwjgl/openal/ALCdevice done
Event: 8.508 loading class org/lwjgl/openal/ALCcontext
Event: 8.508 loading class org/lwjgl/openal/ALCcontext done
Event: 8.508 loading class org/lwjgl/openal/Util
Event: 8.508 loading class org/lwjgl/openal/Util done
Event: 8.509 loading class org/lwjgl/openal/OpenALException
Event: 8.509 loading class org/lwjgl/openal/OpenALException done


Dynamic libraries:
0x00007ff60c9f0000 - 0x00007ff60ca27000 	C:\Program Files\Java\jre1.8.0_45\bin\javaw.exe
0x00007ffa02a40000 - 0x00007ffa02bec000 	C:\Windows\SYSTEM32\ntdll.dll
0x00007ffa00ef0000 - 0x00007ffa0102e000 	C:\Windows\system32\KERNEL32.DLL
0x00007ff9fff00000 - 0x00007ffa00015000 	C:\Windows\system32\KERNELBASE.dll
0x00007ff9fe740000 - 0x00007ff9fe7ce000 	C:\Windows\system32\apphelp.dll
0x00007ff9faec0000 - 0x00007ff9faf13000 	C:\Windows\AppPatch\AppPatch64\AcGenral.DLL
0x00007ffa00350000 - 0x00007ffa003fa000 	C:\Windows\system32\msvcrt.dll
0x00007ff9ff970000 - 0x00007ff9ff99e000 	C:\Windows\SYSTEM32\SspiCli.dll
0x00007ffa00900000 - 0x00007ffa00954000 	C:\Windows\system32\SHLWAPI.dll
0x00007ffa00400000 - 0x00007ffa00577000 	C:\Windows\system32\USER32.dll
0x00007ffa012b0000 - 0x00007ffa01444000 	C:\Windows\system32\ole32.dll
0x00007ffa01450000 - 0x00007ffa02968000 	C:\Windows\system32\SHELL32.dll
0x00007ff9ff140000 - 0x00007ff9ff161000 	C:\Windows\SYSTEM32\USERENV.dll
0x00007ffa01190000 - 0x00007ffa0123a000 	C:\Windows\system32\ADVAPI32.dll
0x00007ff9f8e70000 - 0x00007ff9f8e8e000 	C:\Windows\SYSTEM32\MPR.dll
0x00007ffa00da0000 - 0x00007ffa00ee1000 	C:\Windows\system32\RPCRT4.dll
0x00007ffa029e0000 - 0x00007ffa02a39000 	C:\Windows\SYSTEM32\sechost.dll
0x00007ffa00a30000 - 0x00007ffa00c41000 	C:\Windows\SYSTEM32\combase.dll
0x00007ffa00c50000 - 0x00007ffa00da0000 	C:\Windows\system32\GDI32.dll
0x00007ff9ffba0000 - 0x00007ff9ffbb5000 	C:\Windows\SYSTEM32\profapi.dll
0x00007ff9fc860000 - 0x00007ff9fc912000 	C:\Windows\SYSTEM32\SHCORE.dll
0x00007ffa008a0000 - 0x00007ffa008d6000 	C:\Windows\system32\IMM32.DLL
0x00007ffa01030000 - 0x00007ffa01181000 	C:\Windows\system32\MSCTF.dll
0x00007ff9fc3e0000 - 0x00007ff9fc65a000 	C:\Windows\WinSxS\amd64_microsoft.windows.common-controls_6595b64144ccf1df_6.0.9600.17810_none_6240b9c7ecbd0bda\COMCTL32.dll
0x000000006b620000 - 0x000000006b6f2000 	C:\Program Files\Java\jre1.8.0_45\bin\msvcr100.dll
0x000000006b890000 - 0x000000006c113000 	C:\Program Files\Java\jre1.8.0_45\bin\server\jvm.dll
0x00007ff9fe190000 - 0x00007ff9fe199000 	C:\Windows\SYSTEM32\WSOCK32.dll
0x00007ff9fae50000 - 0x00007ff9fae72000 	C:\Windows\SYSTEM32\WINMM.dll
0x00007ff9fc090000 - 0x00007ff9fc09a000 	C:\Windows\SYSTEM32\VERSION.dll
0x00007ffa008f0000 - 0x00007ffa008f7000 	C:\Windows\system32\PSAPI.DLL
0x00007ffa01240000 - 0x00007ffa0129a000 	C:\Windows\system32\WS2_32.dll
0x00007ff9faa30000 - 0x00007ff9faa5a000 	C:\Windows\SYSTEM32\WINMMBASE.dll
0x00007ffa012a0000 - 0x00007ffa012a9000 	C:\Windows\system32\NSI.dll
0x00007ff9ffe50000 - 0x00007ff9ffe9f000 	C:\Windows\SYSTEM32\cfgmgr32.dll
0x00007ff9fe9a0000 - 0x00007ff9fe9c8000 	C:\Windows\SYSTEM32\DEVOBJ.dll
0x000000006c270000 - 0x000000006c27f000 	C:\Program Files\Java\jre1.8.0_45\bin\verify.dll
0x000000006c240000 - 0x000000006c269000 	C:\Program Files\Java\jre1.8.0_45\bin\java.dll
0x000000006c220000 - 0x000000006c236000 	C:\Program Files\Java\jre1.8.0_45\bin\zip.dll
0x000000006c1a0000 - 0x000000006c1ad000 	C:\Program Files\Java\jre1.8.0_45\bin\management.dll
0x000000006c200000 - 0x000000006c21a000 	C:\Program Files\Java\jre1.8.0_45\bin\net.dll
0x00007ff9ff3b0000 - 0x00007ff9ff409000 	C:\Windows\system32\mswsock.dll
0x000000006c1e0000 - 0x000000006c1f1000 	C:\Program Files\Java\jre1.8.0_45\bin\nio.dll
0x00007ff9f67f0000 - 0x00007ff9f6805000 	C:\Windows\system32\napinsp.dll
0x00007ff9f6810000 - 0x00007ff9f682a000 	C:\Windows\system32\pnrpnsp.dll
0x00007ff9f9f20000 - 0x00007ff9f9f3b000 	C:\Windows\system32\NLAapi.dll
0x00007ff9ff1b0000 - 0x00007ff9ff254000 	C:\Windows\SYSTEM32\DNSAPI.dll
0x00007ff9f6830000 - 0x00007ff9f683d000 	C:\Windows\System32\winrnr.dll
0x00007ff9f6f30000 - 0x00007ff9f6f3a000 	C:\Windows\System32\rasadhlp.dll
0x00007ff9f9930000 - 0x00007ff9f995a000 	C:\Windows\SYSTEM32\IPHLPAPI.DLL
0x00007ff9f98c0000 - 0x00007ff9f98ca000 	C:\Windows\SYSTEM32\WINNSI.DLL
0x00007ff9f94f0000 - 0x00007ff9f955b000 	C:\Windows\System32\fwpuclnt.dll
0x0000000180000000 - 0x0000000180051000 	C:\Users\Leyte-CV-32\.gradle\caches\minecraft\net\minecraft\minecraft_natives\1.8\lwjgl64.dll
0x00007ff9f8580000 - 0x00007ff9f86ab000 	C:\Windows\SYSTEM32\OPENGL32.dll
0x00007ff9fb430000 - 0x00007ff9fb45e000 	C:\Windows\SYSTEM32\GLU32.dll
0x00007ff9f3a50000 - 0x00007ff9f3b48000 	C:\Windows\SYSTEM32\DDRAW.dll
0x00007ff9fc060000 - 0x00007ff9fc069000 	C:\Windows\SYSTEM32\DCIMAN32.dll
0x00007ff9ff410000 - 0x00007ff9ff430000 	C:\Windows\SYSTEM32\CRYPTSP.dll
0x00007ff9ff030000 - 0x00007ff9ff066000 	C:\Windows\system32\rsaenh.dll
0x00007ff9ff6b0000 - 0x00007ff9ff6d6000 	C:\Windows\SYSTEM32\bcrypt.dll
0x00007ff9ff9a0000 - 0x00007ff9ffa03000 	C:\Windows\system32\bcryptprimitives.dll
0x00007ff9ffa10000 - 0x00007ff9ffa1b000 	C:\Windows\SYSTEM32\CRYPTBASE.dll
0x00007ff9f94a0000 - 0x00007ff9f94b6000 	C:\Windows\SYSTEM32\dhcpcsvc6.DLL
0x00007ff9f9430000 - 0x00007ff9f944a000 	C:\Windows\SYSTEM32\dhcpcsvc.DLL
0x000000006b480000 - 0x000000006b618000 	C:\Program Files\Java\jre1.8.0_45\bin\awt.dll
0x00007ffa00960000 - 0x00007ffa00a21000 	C:\Windows\system32\OLEAUT32.dll
0x00007ff9fe820000 - 0x00007ff9fe949000 	C:\Windows\system32\uxtheme.dll
0x00007ff9fc660000 - 0x00007ff9fc681000 	C:\Windows\system32\dwmapi.dll
0x00000000695d0000 - 0x000000006b473000 	C:\Windows\SYSTEM32\nvoglv64.DLL
0x00007ffa006c0000 - 0x00007ffa0089a000 	C:\Windows\system32\SETUPAPI.dll
0x00007ff9fc920000 - 0x00007ff9fc932000 	C:\Windows\SYSTEM32\WTSAPI32.dll
0x00007ff9ffea0000 - 0x00007ff9ffef1000 	C:\Windows\system32\WINTRUST.dll
0x00007ff9ffc70000 - 0x00007ff9ffe4f000 	C:\Windows\system32\CRYPT32.dll
0x00007ff9ffc50000 - 0x00007ff9ffc61000 	C:\Windows\system32\MSASN1.dll
0x00007ff9f8e10000 - 0x00007ff9f8e42000 	C:\Windows\SYSTEM32\ntmarta.dll
0x00007ff9ffb40000 - 0x00007ff9ffb86000 	C:\Windows\SYSTEM32\powrprof.dll
0x00007ff9ffa20000 - 0x00007ff9ffa7a000 	C:\Windows\SYSTEM32\WINSTA.dll
0x00007ff9fe7e0000 - 0x00007ff9fe7eb000 	C:\Windows\SYSTEM32\kernel.appcore.dll
0x00007ff9fb810000 - 0x00007ff9fb8a2000 	C:\Windows\SYSTEM32\mscms.dll
0x00007ff9fa9e0000 - 0x00007ff9faa21000 	C:\Windows\SYSTEM32\icm32.dll
0x0000000070a40000 - 0x0000000070adc000 	C:\Users\Leyte-CV-32\.gradle\caches\minecraft\net\minecraft\minecraft_natives\1.8\avutil-ttv-51.dll
0x0000000065980000 - 0x00000000659d6000 	C:\Users\Leyte-CV-32\.gradle\caches\minecraft\net\minecraft\minecraft_natives\1.8\swresample-ttv-0.dll
0x000000006eb80000 - 0x000000006ec50000 	C:\Users\Leyte-CV-32\.gradle\caches\minecraft\net\minecraft\minecraft_natives\1.8\libmp3lame-ttv.dll
0x00007ff9e35b0000 - 0x00007ff9e4954000 	C:\Users\Leyte-CV-32\.gradle\caches\minecraft\net\minecraft\minecraft_natives\1.8\libmfxsw64.dll
0x00007ff9f38e0000 - 0x00007ff9f3a4d000 	C:\Users\Leyte-CV-32\.gradle\caches\minecraft\net\minecraft\minecraft_natives\1.8\twitchsdk.dll
0x00007ff9f78b0000 - 0x00007ff9f7b0a000 	C:\Windows\SYSTEM32\WININET.dll
0x00007ff9f7da0000 - 0x00007ff9f8067000 	C:\Windows\SYSTEM32\iertutil.dll
0x000000001acd0000 - 0x000000001ad34000 	C:\Users\Leyte-CV-32\.gradle\caches\minecraft\net\minecraft\minecraft_natives\1.8\OpenAL64.dll
0x00007ffa000e0000 - 0x00007ffa00196000 	C:\Windows\SYSTEM32\clbcatq.dll
0x00007ff9fbdc0000 - 0x00007ff9fbe30000 	C:\Windows\System32\MMDevApi.dll
0x00007ff9fa4d0000 - 0x00007ff9fa56d000 	C:\Windows\SYSTEM32\dsound.dll
0x00007ff9f6aa0000 - 0x00007ff9f6b1e000 	C:\Windows\SYSTEM32\AUDIOSES.DLL
0x00007ff9f9b80000 - 0x00007ff9f9d0a000 	C:\Windows\SYSTEM32\dbghelp.dll

VM Arguments:
jvm_args: -Xincgc -Xmx1024M -Xms1024M -Dfile.encoding=Cp1252 
java_command: GradleStart
java_class_path (initial): C:\Users\Leyte-CV-32\Desktop\minecraft-java\forge-1.8-11.14.1.1334-src\bin;C:\Users\Leyte-CV-32\.gradle\caches\minecraft\net\minecraftforge\forge\1.8-11.14.1.1334\snapshot\20141130\forgeSrc-1.8-11.14.1.1334.jar;C:\Users\Leyte-CV-32\.gradle\caches\modules-2\files-2.1\net.minecraft\launchwrapper\1.11\9c0592c6e1e9ea296a70948081bd4cc84dda1289\launchwrapper-1.11.jar;C:\Users\Leyte-CV-32\.gradle\caches\modules-2\files-2.1\org.ow2.asm\asm-debug-all\5.0.3\f9e364ae2a66ce2a543012a4668856e84e5dab74\asm-debug-all-5.0.3.jar;C:\Users\Leyte-CV-32\.gradle\caches\modules-2\files-2.1\com.typesafe.akka\akka-actor_2.11\2.3.3\ed62e9fc709ca0f2ff1a3220daa8b70a2870078e\akka-actor_2.11-2.3.3.jar;C:\Users\Leyte-CV-32\.gradle\caches\modules-2\files-2.1\com.typesafe\config\1.2.1\f771f71fdae3df231bcd54d5ca2d57f0bf93f467\config-1.2.1.jar;C:\Users\Leyte-CV-32\.gradle\caches\modules-2\files-2.1\org.scala-lang\scala-actors-migration_2.11\1.1.0\dfa8bc42b181d5b9f1a5dd147f8ae308b893eb6f\scala-actors-migration_2.11-1.1.0.jar;C:\Users\Leyte-CV-32\.gradle\caches\modules-2\files-2.1\org.scala-lang\scala-compiler\2.11.1\56ea2e6c025e0821f28d73ca271218b8dd04926a\scala-compiler-2.11.1.jar;C:\Users\Leyte-CV-32\.gradle\caches\modules-2\files-2.1\org.scala-lang.plugins\scala-continuations-library_2.11\1.0.2\e517c53a7e9acd6b1668c5a35eccbaa3bab9aac\scala-continuations-library_2.11-1.0.2.jar;C:\Users\Leyte-CV-32\.gradle\caches\modules-2\files-2.1\org.scala-lang.plugins\scala-continuations-plugin_2.11.1\1.0.2\f361a3283452c57fa30c1ee69448995de23c60f7\scala-continuations-plugin_2.11.1-1.0.2.jar;C:\Users\Leyte-CV-32\.gradle\caches\modules-2\files-2.1\org.scala-lang\scala-library\2.11.1\e11da23da3eabab9f4777b9220e60d44c1aab6a\scala-library-2.11.1.jar;C:\Users\Leyte-CV-32\.gradle\caches\modules-2\files-2.1\org.scala-lang\scala-parser-combinators_2.11\1.0.1\f05d7345bf5a58924f2837c6c1f4d73a938e1ff0\scala-parser-combinators_2.11-1.0.1.jar;C:\Users\Leyte-CV-32\.gradle\caches\modules-2\files-2.1\o
Launcher Type: SUN_STANDARD

Environment Variables:
PATH=C:/Program Files/Java/jre1.8.0_45/bin/server;C:/Program Files/Java/jre1.8.0_45/bin;C:/Program Files/Java/jre1.8.0_45/lib/amd64;C:\ProgramData\Oracle\Java\javapath;C:\Program Files (x86)\NVIDIA Corporation\PhysX\Common;C:\Windows\system32;C:\Windows;C:\Windows\System32\Wbem;C:\Windows\System32\WindowsPowerShell\v1.0\;C:\Users\Leyte-CV-32\Desktop\minecraft-java\eclipse\eclipse;
USERNAME=Leyte-CV-32
OS=Windows_NT
PROCESSOR_IDENTIFIER=Intel64 Family 6 Model 58 Stepping 8, GenuineIntel



---------------  S Y S T E M  ---------------

OS: Windows 8.1 , 64 bit Build 9600 (6.3.9600.17415)

CPU:total 4 (4 cores per cpu, 1 threads per core) family 6 model 58 stepping 8, cmov, cx8, fxsr, mmx, sse, sse2, sse3, ssse3, sse4.1, sse4.2, popcnt, avx, aes, clmul, erms, tsc, tscinvbit, tscinv

Memory: 4k page, physical 4132124k(1108092k free), swap 6778140k(993888k free)

vm_info: Java HotSpot(TM) 64-Bit Server VM (25.45-b02) for windows-amd64 JRE (1.8.0_45-b14), built on Apr 10 2015 10:34:15 by "java_re" with MS VC++ 10.0 (VS2010)

time: Tue Aug 04 16:13:56 2015
elapsed time: 8 seconds (0d 0h 0m 8s)

